# JRE version: OpenJDK Runtime Environment Temurin-11.0.12+7 (11.0.12+7) (build 11.0.12+7)
# Java VM: OpenJDK 64-Bit Server VM Temurin-11.0.12+7 (11.0.12+7, mixed mode, tiered, compressed oops, g1 gc, windows-amd64)
Heap:
 garbage-first heap   total 114688K, used 46405K [0x0000000091000000, 0x0000000100000000)
  region size 1024K, 47 young (48128K), 6 survivors (6144K)
 Metaspace       used 23817K, capacity 24087K, committed 24320K, reserved 1071104K
  class space    used 2409K, capacity 2488K, committed 2560K, reserved 1048576K
GC Heap History (6 events):
Event: 0.868 GC heap before
{Heap before GC invocations=0 (full 0):
 garbage-first heap   total 114688K, used 25600K [0x0000000091000000, 0x0000000100000000)
  region size 1024K, 24 young (24576K), 0 survivors (0K)
 Metaspace       used 16254K, capacity 16473K, committed 16640K, reserved 1064960K
  class space    used 1680K, capacity 1740K, committed 1792K, reserved 1048576K
}
Event: 0.875 GC heap after
{Heap after GC invocations=1 (full 0):
 garbage-first heap   total 114688K, used 3876K [0x0000000091000000, 0x0000000100000000)
  region size 1024K, 3 young (3072K), 3 survivors (3072K)
 Metaspace       used 16254K, capacity 16473K, committed 16640K, reserved 1064960K
  class space    used 1680K, capacity 1740K, committed 1792K, reserved 1048576K
}
Event: 39.198 GC heap before
{Heap before GC invocations=1 (full 0):
 garbage-first heap   total 114688K, used 19236K [0x0000000091000000, 0x0000000100000000)
  region size 1024K, 19 young (19456K), 3 survivors (3072K)
 Metaspace       used 20969K, capacity 21207K, committed 21248K, reserved 1069056K
  class space    used 2239K, capacity 2296K, committed 2304K, reserved 1048576K
}
Event: 39.204 GC heap after
{Heap after GC invocations=2 (full 0):
 garbage-first heap   total 114688K, used 4872K [0x0000000091000000, 0x0000000100000000)
  region size 1024K, 4 young (4096K), 4 survivors (4096K)
 Metaspace       used 20969K, capacity 21207K, committed 21248K, reserved 1069056K
  class space    used 2239K, capacity 2296K, committed 2304K, reserved 1048576K
}
Event: 11455.675 GC heap before
{Heap before GC invocations=3 (full 0):
 garbage-first heap   total 114688K, used 58120K [0x0000000091000000, 0x0000000100000000)
  region size 1024K, 57 young (58368K), 4 survivors (4096K)
 Metaspace       used 23481K, capacity 23767K, committed 24064K, reserved 1071104K
  class space    used 2409K, capacity 2488K, committed 2560K, reserved 1048576K
}
Event: 11455.883 GC heap after
{Heap after GC invocations=4 (full 0):
 garbage-first heap   total 114688K, used 6469K [0x0000000091000000, 0x0000000100000000)
  region size 1024K, 6 young (6144K), 6 survivors (6144K)
 Metaspace       used 23481K, capacity 23767K, committed 24064K, reserved 1071104K
  class space    used 2409K, capacity 2488K, committed 2560K, reserved 1048576K
}

